.\Debug\npOverwolfReadMemorySamplePlugin.ilk
.\Debug\npOverwolfReadMemorySamplePlugin.pdb
C:\Users\user\Documents\My Repositories\MemoryRead\overwolfmemoryread\npOverwolfReadMemorySamplePlugin\.\Debug\npOverwolfReadMemorySamplePlugin.dll
C:\Users\user\Documents\My Repositories\MemoryRead\overwolfmemoryread\npOverwolfReadMemorySamplePlugin\.\Debug\npOverwolfReadMemorySamplePlugin.dll.intermediate.manifest
C:\Users\user\Documents\My Repositories\MemoryRead\overwolfmemoryread\npOverwolfReadMemorySamplePlugin\Debug\cl.command.1.tlog
C:\Users\user\Documents\My Repositories\MemoryRead\overwolfmemoryread\npOverwolfReadMemorySamplePlugin\Debug\CL.read.1.tlog
C:\Users\user\Documents\My Repositories\MemoryRead\overwolfmemoryread\npOverwolfReadMemorySamplePlugin\Debug\CL.write.1.tlog
C:\USERS\USER\DOCUMENTS\MY REPOSITORIES\MEMORYREAD\OVERWOLFMEMORYREAD\NPOVERWOLFREADMEMORYSAMPLEPLUGIN\DEBUG\CRITICALSECTIONLOCK.OBJ
C:\Users\user\Documents\My Repositories\MemoryRead\overwolfmemoryread\npOverwolfReadMemorySamplePlugin\Debug\link.command.1.tlog
C:\Users\user\Documents\My Repositories\MemoryRead\overwolfmemoryread\npOverwolfReadMemorySamplePlugin\Debug\link.read.1.tlog
C:\Users\user\Documents\My Repositories\MemoryRead\overwolfmemoryread\npOverwolfReadMemorySamplePlugin\Debug\link.write.1.tlog
C:\Users\user\Documents\My Repositories\MemoryRead\overwolfmemoryread\npOverwolfReadMemorySamplePlugin\Debug\link-cvtres.read.1.tlog
C:\Users\user\Documents\My Repositories\MemoryRead\overwolfmemoryread\npOverwolfReadMemorySamplePlugin\Debug\link-cvtres.write.1.tlog
C:\USERS\USER\DOCUMENTS\MY REPOSITORIES\MEMORYREAD\OVERWOLFMEMORYREAD\NPOVERWOLFREADMEMORYSAMPLEPLUGIN\DEBUG\MAIN.OBJ
C:\USERS\USER\DOCUMENTS\MY REPOSITORIES\MEMORYREAD\OVERWOLFMEMORYREAD\NPOVERWOLFREADMEMORYSAMPLEPLUGIN\DEBUG\MEMWOLF.OBJ
C:\Users\user\Documents\My Repositories\MemoryRead\overwolfmemoryread\npOverwolfReadMemorySamplePlugin\Debug\mt.command.1.tlog
C:\Users\user\Documents\My Repositories\MemoryRead\overwolfmemoryread\npOverwolfReadMemorySamplePlugin\Debug\mt.read.1.tlog
C:\Users\user\Documents\My Repositories\MemoryRead\overwolfmemoryread\npOverwolfReadMemorySamplePlugin\Debug\mt.write.1.tlog
C:\USERS\USER\DOCUMENTS\MY REPOSITORIES\MEMORYREAD\OVERWOLFMEMORYREAD\NPOVERWOLFREADMEMORYSAMPLEPLUGIN\DEBUG\NP_ENTRY.OBJ
C:\USERS\USER\DOCUMENTS\MY REPOSITORIES\MEMORYREAD\OVERWOLFMEMORYREAD\NPOVERWOLFREADMEMORYSAMPLEPLUGIN\DEBUG\NPN_GATE.OBJ
C:\USERS\USER\DOCUMENTS\MY REPOSITORIES\MEMORYREAD\OVERWOLFMEMORYREAD\NPOVERWOLFREADMEMORYSAMPLEPLUGIN\DEBUG\NPOVERWOLFREADMEMORYSAMPLEPLUGIN.DLL
C:\USERS\USER\DOCUMENTS\MY REPOSITORIES\MEMORYREAD\OVERWOLFMEMORYREAD\NPOVERWOLFREADMEMORYSAMPLEPLUGIN\DEBUG\NPOVERWOLFREADMEMORYSAMPLEPLUGIN.DLL.EMBED.MANIFEST
C:\USERS\USER\DOCUMENTS\MY REPOSITORIES\MEMORYREAD\OVERWOLFMEMORYREAD\NPOVERWOLFREADMEMORYSAMPLEPLUGIN\DEBUG\NPOVERWOLFREADMEMORYSAMPLEPLUGIN.DLL.EMBED.MANIFEST.RES
C:\USERS\USER\DOCUMENTS\MY REPOSITORIES\MEMORYREAD\OVERWOLFMEMORYREAD\NPOVERWOLFREADMEMORYSAMPLEPLUGIN\DEBUG\NPOVERWOLFREADMEMORYSAMPLEPLUGIN.DLL.INTERMEDIATE.MANIFEST
C:\Users\user\Documents\My Repositories\MemoryRead\overwolfmemoryread\npOverwolfReadMemorySamplePlugin\Debug\npOverwolfReadMemorySamplePlugin.exp
C:\USERS\USER\DOCUMENTS\MY REPOSITORIES\MEMORYREAD\OVERWOLFMEMORYREAD\NPOVERWOLFREADMEMORYSAMPLEPLUGIN\DEBUG\NPOVERWOLFREADMEMORYSAMPLEPLUGIN.ILK
C:\Users\user\Documents\My Repositories\MemoryRead\overwolfmemoryread\npOverwolfReadMemorySamplePlugin\Debug\npOverwolfReadMemorySamplePlugin.lib
C:\USERS\USER\DOCUMENTS\MY REPOSITORIES\MEMORYREAD\OVERWOLFMEMORYREAD\NPOVERWOLFREADMEMORYSAMPLEPLUGIN\DEBUG\NPOVERWOLFREADMEMORYSAMPLEPLUGIN.PDB
C:\USERS\USER\DOCUMENTS\MY REPOSITORIES\MEMORYREAD\OVERWOLFMEMORYREAD\NPOVERWOLFREADMEMORYSAMPLEPLUGIN\DEBUG\NPOVERWOLFREADMEMORYSAMPLEPLUGIN.RES
C:\Users\user\Documents\My Repositories\MemoryRead\overwolfmemoryread\npOverwolfReadMemorySamplePlugin\Debug\npOverwolfReadMemorySamplePlugin.write.1.tlog
C:\Users\user\Documents\My Repositories\MemoryRead\overwolfmemoryread\npOverwolfReadMemorySamplePlugin\Debug\npOverwolfReadMemorySamplePlugin_manifest.rc
C:\USERS\USER\DOCUMENTS\MY REPOSITORIES\MEMORYREAD\OVERWOLFMEMORYREAD\NPOVERWOLFREADMEMORYSAMPLEPLUGIN\DEBUG\NPP_GATE.OBJ
C:\USERS\USER\DOCUMENTS\MY REPOSITORIES\MEMORYREAD\OVERWOLFMEMORYREAD\NPOVERWOLFREADMEMORYSAMPLEPLUGIN\DEBUG\NSPLUGININSTANCEOVERWOLFREADMEMORYSAMPLE.OBJ
C:\USERS\USER\DOCUMENTS\MY REPOSITORIES\MEMORYREAD\OVERWOLFMEMORYREAD\NPOVERWOLFREADMEMORYSAMPLEPLUGIN\DEBUG\NSSCRIPTABLEOBJECTBASE.OBJ
C:\Users\user\Documents\My Repositories\MemoryRead\overwolfmemoryread\npOverwolfReadMemorySamplePlugin\Debug\rc.command.1.tlog
C:\Users\user\Documents\My Repositories\MemoryRead\overwolfmemoryread\npOverwolfReadMemorySamplePlugin\Debug\rc.read.1.tlog
C:\Users\user\Documents\My Repositories\MemoryRead\overwolfmemoryread\npOverwolfReadMemorySamplePlugin\Debug\rc.write.1.tlog
C:\USERS\USER\DOCUMENTS\MY REPOSITORIES\MEMORYREAD\OVERWOLFMEMORYREAD\NPOVERWOLFREADMEMORYSAMPLEPLUGIN\DEBUG\THREAD.OBJ
C:\Users\user\Documents\My Repositories\MemoryRead\overwolfmemoryread\npOverwolfReadMemorySamplePlugin\Debug\vc100.idb
C:\USERS\USER\DOCUMENTS\MY REPOSITORIES\MEMORYREAD\OVERWOLFMEMORYREAD\NPOVERWOLFREADMEMORYSAMPLEPLUGIN\DEBUG\VC100.PDB
