C:\Users\user\Documents\My Repositories\MemoryRead\overwolfmemoryread\npOverwolfSamplePlugin\Debug\cl.command.1.tlog
C:\Users\user\Documents\My Repositories\MemoryRead\overwolfmemoryread\npOverwolfSamplePlugin\Debug\CL.read.1.tlog
C:\Users\user\Documents\My Repositories\MemoryRead\overwolfmemoryread\npOverwolfSamplePlugin\Debug\CL.write.1.tlog
C:\USERS\USER\DOCUMENTS\MY REPOSITORIES\MEMORYREAD\OVERWOLFMEMORYREAD\NPOVERWOLFSAMPLEPLUGIN\DEBUG\CRITICALSECTIONLOCK.OBJ
C:\Users\user\Documents\My Repositories\MemoryRead\overwolfmemoryread\npOverwolfSamplePlugin\Debug\link.command.1.tlog
C:\Users\user\Documents\My Repositories\MemoryRead\overwolfmemoryread\npOverwolfSamplePlugin\Debug\link.read.1.tlog
C:\Users\user\Documents\My Repositories\MemoryRead\overwolfmemoryread\npOverwolfSamplePlugin\Debug\link.write.1.tlog
C:\USERS\USER\DOCUMENTS\MY REPOSITORIES\MEMORYREAD\OVERWOLFMEMORYREAD\NPOVERWOLFSAMPLEPLUGIN\DEBUG\MAIN.OBJ
C:\USERS\USER\DOCUMENTS\MY REPOSITORIES\MEMORYREAD\OVERWOLFMEMORYREAD\NPOVERWOLFSAMPLEPLUGIN\DEBUG\MEMORYREADER.OBJ
C:\USERS\USER\DOCUMENTS\MY REPOSITORIES\MEMORYREAD\OVERWOLFMEMORYREAD\NPOVERWOLFSAMPLEPLUGIN\DEBUG\MEMWOLF.OBJ
C:\USERS\USER\DOCUMENTS\MY REPOSITORIES\MEMORYREAD\OVERWOLFMEMORYREAD\NPOVERWOLFSAMPLEPLUGIN\DEBUG\NP_ENTRY.OBJ
C:\USERS\USER\DOCUMENTS\MY REPOSITORIES\MEMORYREAD\OVERWOLFMEMORYREAD\NPOVERWOLFSAMPLEPLUGIN\DEBUG\NPN_GATE.OBJ
C:\Users\user\Documents\My Repositories\MemoryRead\overwolfmemoryread\npOverwolfSamplePlugin\Debug\npOverwolfSamplePlugin.dll.embed.manifest
C:\USERS\USER\DOCUMENTS\MY REPOSITORIES\MEMORYREAD\OVERWOLFMEMORYREAD\NPOVERWOLFSAMPLEPLUGIN\DEBUG\NPOVERWOLFSAMPLEPLUGIN.DLL.EMBED.MANIFEST.RES
C:\USERS\USER\DOCUMENTS\MY REPOSITORIES\MEMORYREAD\OVERWOLFMEMORYREAD\NPOVERWOLFSAMPLEPLUGIN\DEBUG\NPOVERWOLFSAMPLEPLUGIN.RES
C:\Users\user\Documents\My Repositories\MemoryRead\overwolfmemoryread\npOverwolfSamplePlugin\Debug\npOverwolfSamplePlugin_manifest.rc
C:\USERS\USER\DOCUMENTS\MY REPOSITORIES\MEMORYREAD\OVERWOLFMEMORYREAD\NPOVERWOLFSAMPLEPLUGIN\DEBUG\NPP_GATE.OBJ
C:\USERS\USER\DOCUMENTS\MY REPOSITORIES\MEMORYREAD\OVERWOLFMEMORYREAD\NPOVERWOLFSAMPLEPLUGIN\DEBUG\NSPLUGININSTANCEOVERWOLFSAMPLE.OBJ
C:\USERS\USER\DOCUMENTS\MY REPOSITORIES\MEMORYREAD\OVERWOLFMEMORYREAD\NPOVERWOLFSAMPLEPLUGIN\DEBUG\NSSCRIPTABLEOBJECTBASE.OBJ
C:\USERS\USER\DOCUMENTS\MY REPOSITORIES\MEMORYREAD\OVERWOLFMEMORYREAD\NPOVERWOLFSAMPLEPLUGIN\DEBUG\NSSCRIPTABLEOBJECTOVERWOLFSAMPLE.OBJ
C:\Users\user\Documents\My Repositories\MemoryRead\overwolfmemoryread\npOverwolfSamplePlugin\Debug\rc.command.1.tlog
C:\Users\user\Documents\My Repositories\MemoryRead\overwolfmemoryread\npOverwolfSamplePlugin\Debug\rc.read.1.tlog
C:\Users\user\Documents\My Repositories\MemoryRead\overwolfmemoryread\npOverwolfSamplePlugin\Debug\rc.write.1.tlog
C:\USERS\USER\DOCUMENTS\MY REPOSITORIES\MEMORYREAD\OVERWOLFMEMORYREAD\NPOVERWOLFSAMPLEPLUGIN\DEBUG\THREAD.OBJ
C:\Users\user\Documents\My Repositories\MemoryRead\overwolfmemoryread\npOverwolfSamplePlugin\Debug\vc100.idb
C:\USERS\USER\DOCUMENTS\MY REPOSITORIES\MEMORYREAD\OVERWOLFMEMORYREAD\NPOVERWOLFSAMPLEPLUGIN\DEBUG\VC100.PDB
