C:\Users\user\Documents\My Repositories\MemoryRead\overwolfmemoryread\npOverwolfSamplePlugin\.\Release\npOverwolfSamplePlugin.dll.intermediate.manifest
C:\Users\user\Documents\My Repositories\MemoryRead\overwolfmemoryread\npOverwolfSamplePlugin\Release\cl.command.1.tlog
C:\Users\user\Documents\My Repositories\MemoryRead\overwolfmemoryread\npOverwolfSamplePlugin\Release\CL.read.1.tlog
C:\Users\user\Documents\My Repositories\MemoryRead\overwolfmemoryread\npOverwolfSamplePlugin\Release\CL.write.1.tlog
C:\USERS\USER\DOCUMENTS\MY REPOSITORIES\MEMORYREAD\OVERWOLFMEMORYREAD\NPOVERWOLFSAMPLEPLUGIN\RELEASE\CRITICALSECTIONLOCK.OBJ
C:\Users\user\Documents\My Repositories\MemoryRead\overwolfmemoryread\npOverwolfSamplePlugin\Release\link.command.1.tlog
C:\Users\user\Documents\My Repositories\MemoryRead\overwolfmemoryread\npOverwolfSamplePlugin\Release\link.read.1.tlog
C:\Users\user\Documents\My Repositories\MemoryRead\overwolfmemoryread\npOverwolfSamplePlugin\Release\link.write.1.tlog
C:\Users\user\Documents\My Repositories\MemoryRead\overwolfmemoryread\npOverwolfSamplePlugin\Release\link-cvtres.read.1.tlog
C:\Users\user\Documents\My Repositories\MemoryRead\overwolfmemoryread\npOverwolfSamplePlugin\Release\link-cvtres.write.1.tlog
C:\USERS\USER\DOCUMENTS\MY REPOSITORIES\MEMORYREAD\OVERWOLFMEMORYREAD\NPOVERWOLFSAMPLEPLUGIN\RELEASE\MAIN.OBJ
C:\USERS\USER\DOCUMENTS\MY REPOSITORIES\MEMORYREAD\OVERWOLFMEMORYREAD\NPOVERWOLFSAMPLEPLUGIN\RELEASE\MEMORYREADER.OBJ
C:\USERS\USER\DOCUMENTS\MY REPOSITORIES\MEMORYREAD\OVERWOLFMEMORYREAD\NPOVERWOLFSAMPLEPLUGIN\RELEASE\MEMWOLF.OBJ
C:\USERS\USER\DOCUMENTS\MY REPOSITORIES\MEMORYREAD\OVERWOLFMEMORYREAD\NPOVERWOLFSAMPLEPLUGIN\RELEASE\NP_ENTRY.OBJ
C:\USERS\USER\DOCUMENTS\MY REPOSITORIES\MEMORYREAD\OVERWOLFMEMORYREAD\NPOVERWOLFSAMPLEPLUGIN\RELEASE\NPN_GATE.OBJ
C:\Users\user\Documents\My Repositories\MemoryRead\overwolfmemoryread\npOverwolfSamplePlugin\Release\npOverwolfSamplePlugin.dll.intermediate.manifest
C:\Users\user\Documents\My Repositories\MemoryRead\overwolfmemoryread\npOverwolfSamplePlugin\Release\npOverwolfSamplePlugin.exp
C:\USERS\USER\DOCUMENTS\MY REPOSITORIES\MEMORYREAD\OVERWOLFMEMORYREAD\NPOVERWOLFSAMPLEPLUGIN\RELEASE\NPOVERWOLFSAMPLEPLUGIN.RES
C:\USERS\USER\DOCUMENTS\MY REPOSITORIES\MEMORYREAD\OVERWOLFMEMORYREAD\NPOVERWOLFSAMPLEPLUGIN\RELEASE\NPP_GATE.OBJ
C:\USERS\USER\DOCUMENTS\MY REPOSITORIES\MEMORYREAD\OVERWOLFMEMORYREAD\NPOVERWOLFSAMPLEPLUGIN\RELEASE\NSPLUGININSTANCEOVERWOLFSAMPLE.OBJ
C:\USERS\USER\DOCUMENTS\MY REPOSITORIES\MEMORYREAD\OVERWOLFMEMORYREAD\NPOVERWOLFSAMPLEPLUGIN\RELEASE\NSSCRIPTABLEOBJECTBASE.OBJ
C:\USERS\USER\DOCUMENTS\MY REPOSITORIES\MEMORYREAD\OVERWOLFMEMORYREAD\NPOVERWOLFSAMPLEPLUGIN\RELEASE\NSSCRIPTABLEOBJECTOVERWOLFSAMPLE.OBJ
C:\Users\user\Documents\My Repositories\MemoryRead\overwolfmemoryread\npOverwolfSamplePlugin\Release\rc.command.1.tlog
C:\Users\user\Documents\My Repositories\MemoryRead\overwolfmemoryread\npOverwolfSamplePlugin\Release\rc.read.1.tlog
C:\Users\user\Documents\My Repositories\MemoryRead\overwolfmemoryread\npOverwolfSamplePlugin\Release\rc.write.1.tlog
C:\USERS\USER\DOCUMENTS\MY REPOSITORIES\MEMORYREAD\OVERWOLFMEMORYREAD\NPOVERWOLFSAMPLEPLUGIN\RELEASE\THREAD.OBJ
C:\USERS\USER\DOCUMENTS\MY REPOSITORIES\MEMORYREAD\OVERWOLFMEMORYREAD\NPOVERWOLFSAMPLEPLUGIN\RELEASE\VC100.PDB
