  main.cpp
  MemoryReader.cpp
MemoryReader.cpp(30): warning C4101: 'enumResult' : unreferenced local variable
MemoryReader.cpp(175): warning C4002: too many actual parameters for macro 'assert'
MemoryReader.cpp(191): warning C4002: too many actual parameters for macro 'assert'
MemoryReader.cpp(221): warning C4800: 'BOOL' : forcing value to bool 'true' or 'false' (performance warning)
  MemWolf.cpp
  nsScriptableObjectBase.cpp
  nsScriptableObjectOverwolfSample.cpp
nsScriptableObjectOverwolfSample.cpp(275): warning C4244: 'argument' : conversion from 'double' to 'DWORD', possible loss of data
nsScriptableObjectOverwolfSample.cpp(304): warning C4244: 'argument' : conversion from 'double' to 'SYM', possible loss of data
  nsPluginInstanceOverwolfSample.cpp
  npn_gate.cpp
  npp_gate.cpp
  np_entry.cpp
  CriticalSectionLock.cpp
  Thread.cpp
  Generating Code...
     Creating library .\Release\npOverwolfSamplePlugin.lib and object .\Release\npOverwolfSamplePlugin.exp
  npOverwolfSamplePlugin.vcxproj -> C:\Users\user\Documents\My Repositories\MemoryRead\overwolfmemoryread\npOverwolfSamplePlugin\.\Release\npOverwolfSamplePlugin.dll
