C:\Users\user\Documents\My Repositories\MemoryRead\overwolfmemoryread\npOverwolfReadMemorySamplePlugin\.\Release\npOverwolfReadMemorySamplePlugin.dll
C:\Users\user\Documents\My Repositories\MemoryRead\overwolfmemoryread\npOverwolfReadMemorySamplePlugin\.\Release\npOverwolfReadMemorySamplePlugin.dll.intermediate.manifest
C:\Users\user\Documents\My Repositories\MemoryRead\overwolfmemoryread\npOverwolfReadMemorySamplePlugin\Release\cl.command.1.tlog
C:\Users\user\Documents\My Repositories\MemoryRead\overwolfmemoryread\npOverwolfReadMemorySamplePlugin\Release\CL.read.1.tlog
C:\Users\user\Documents\My Repositories\MemoryRead\overwolfmemoryread\npOverwolfReadMemorySamplePlugin\Release\CL.write.1.tlog
C:\USERS\USER\DOCUMENTS\MY REPOSITORIES\MEMORYREAD\OVERWOLFMEMORYREAD\NPOVERWOLFREADMEMORYSAMPLEPLUGIN\RELEASE\CRITICALSECTIONLOCK.OBJ
C:\Users\user\Documents\My Repositories\MemoryRead\overwolfmemoryread\npOverwolfReadMemorySamplePlugin\Release\link.command.1.tlog
C:\Users\user\Documents\My Repositories\MemoryRead\overwolfmemoryread\npOverwolfReadMemorySamplePlugin\Release\link.read.1.tlog
C:\Users\user\Documents\My Repositories\MemoryRead\overwolfmemoryread\npOverwolfReadMemorySamplePlugin\Release\link.write.1.tlog
C:\Users\user\Documents\My Repositories\MemoryRead\overwolfmemoryread\npOverwolfReadMemorySamplePlugin\Release\link-cvtres.read.1.tlog
C:\Users\user\Documents\My Repositories\MemoryRead\overwolfmemoryread\npOverwolfReadMemorySamplePlugin\Release\link-cvtres.write.1.tlog
C:\USERS\USER\DOCUMENTS\MY REPOSITORIES\MEMORYREAD\OVERWOLFMEMORYREAD\NPOVERWOLFREADMEMORYSAMPLEPLUGIN\RELEASE\MAIN.OBJ
C:\USERS\USER\DOCUMENTS\MY REPOSITORIES\MEMORYREAD\OVERWOLFMEMORYREAD\NPOVERWOLFREADMEMORYSAMPLEPLUGIN\RELEASE\MEMORYREADER.OBJ
C:\USERS\USER\DOCUMENTS\MY REPOSITORIES\MEMORYREAD\OVERWOLFMEMORYREAD\NPOVERWOLFREADMEMORYSAMPLEPLUGIN\RELEASE\MEMWOLF.OBJ
C:\Users\user\Documents\My Repositories\MemoryRead\overwolfmemoryread\npOverwolfReadMemorySamplePlugin\Release\mt.command.1.tlog
C:\Users\user\Documents\My Repositories\MemoryRead\overwolfmemoryread\npOverwolfReadMemorySamplePlugin\Release\mt.read.1.tlog
C:\Users\user\Documents\My Repositories\MemoryRead\overwolfmemoryread\npOverwolfReadMemorySamplePlugin\Release\mt.write.1.tlog
C:\USERS\USER\DOCUMENTS\MY REPOSITORIES\MEMORYREAD\OVERWOLFMEMORYREAD\NPOVERWOLFREADMEMORYSAMPLEPLUGIN\RELEASE\NP_ENTRY.OBJ
C:\USERS\USER\DOCUMENTS\MY REPOSITORIES\MEMORYREAD\OVERWOLFMEMORYREAD\NPOVERWOLFREADMEMORYSAMPLEPLUGIN\RELEASE\NPN_GATE.OBJ
C:\USERS\USER\DOCUMENTS\MY REPOSITORIES\MEMORYREAD\OVERWOLFMEMORYREAD\NPOVERWOLFREADMEMORYSAMPLEPLUGIN\RELEASE\NPOVERWOLFREADMEMORYSAMPLEPLUGIN.DLL
C:\USERS\USER\DOCUMENTS\MY REPOSITORIES\MEMORYREAD\OVERWOLFMEMORYREAD\NPOVERWOLFREADMEMORYSAMPLEPLUGIN\RELEASE\NPOVERWOLFREADMEMORYSAMPLEPLUGIN.DLL.INTERMEDIATE.MANIFEST
C:\Users\user\Documents\My Repositories\MemoryRead\overwolfmemoryread\npOverwolfReadMemorySamplePlugin\Release\npOverwolfReadMemorySamplePlugin.exp
C:\Users\user\Documents\My Repositories\MemoryRead\overwolfmemoryread\npOverwolfReadMemorySamplePlugin\Release\npOverwolfReadMemorySamplePlugin.lib
C:\USERS\USER\DOCUMENTS\MY REPOSITORIES\MEMORYREAD\OVERWOLFMEMORYREAD\NPOVERWOLFREADMEMORYSAMPLEPLUGIN\RELEASE\NPOVERWOLFREADMEMORYSAMPLEPLUGIN.RES
C:\Users\user\Documents\My Repositories\MemoryRead\overwolfmemoryread\npOverwolfReadMemorySamplePlugin\Release\npOverwolfReadMemorySamplePlugin.write.1.tlog
C:\USERS\USER\DOCUMENTS\MY REPOSITORIES\MEMORYREAD\OVERWOLFMEMORYREAD\NPOVERWOLFREADMEMORYSAMPLEPLUGIN\RELEASE\NPP_GATE.OBJ
C:\USERS\USER\DOCUMENTS\MY REPOSITORIES\MEMORYREAD\OVERWOLFMEMORYREAD\NPOVERWOLFREADMEMORYSAMPLEPLUGIN\RELEASE\NSPLUGININSTANCEOVERWOLFREADMEMORYSAMPLE.OBJ
C:\USERS\USER\DOCUMENTS\MY REPOSITORIES\MEMORYREAD\OVERWOLFMEMORYREAD\NPOVERWOLFREADMEMORYSAMPLEPLUGIN\RELEASE\NSSCRIPTABLEOBJECTBASE.OBJ
C:\USERS\USER\DOCUMENTS\MY REPOSITORIES\MEMORYREAD\OVERWOLFMEMORYREAD\NPOVERWOLFREADMEMORYSAMPLEPLUGIN\RELEASE\NSSCRIPTABLEOBJECTOVERWOLFREADMEMORYSAMPLE.OBJ
C:\Users\user\Documents\My Repositories\MemoryRead\overwolfmemoryread\npOverwolfReadMemorySamplePlugin\Release\rc.command.1.tlog
C:\Users\user\Documents\My Repositories\MemoryRead\overwolfmemoryread\npOverwolfReadMemorySamplePlugin\Release\rc.read.1.tlog
C:\Users\user\Documents\My Repositories\MemoryRead\overwolfmemoryread\npOverwolfReadMemorySamplePlugin\Release\rc.write.1.tlog
C:\USERS\USER\DOCUMENTS\MY REPOSITORIES\MEMORYREAD\OVERWOLFMEMORYREAD\NPOVERWOLFREADMEMORYSAMPLEPLUGIN\RELEASE\THREAD.OBJ
C:\USERS\USER\DOCUMENTS\MY REPOSITORIES\MEMORYREAD\OVERWOLFMEMORYREAD\NPOVERWOLFREADMEMORYSAMPLEPLUGIN\RELEASE\VC100.PDB
